Reading database...
Read done
Reading graph...
``````````````````````````````````````````````````````````````````````````````````````````
Ploidy: 1
Avg ploidy: 1
Avg coverage: 30
Haploid coverage: 0
Source: 1
Sink: 5
Segments: 5
Junctions: 11
``````````````````````````````````````````````````````````````````````````````````````````
SEG	1	HotL1_complete#LINE/L1_1_2000	1	2000	30.0000	inf	[1;31m1.0000[0m	1.0000	ONO	ONO	ONO	NO	NO	NO	ND	LB	NULL	NULL
SEG	2	HotL1_complete#LINE/L1_2000_5000	1	3001	30.0000	inf	[1;31m2.0000[0m	1.0000	ONO	ONO	ONO	NO	NO	NO	ND	LB	NULL	NULL
SEG	3	HotL1_complete#LINE/L1_5000_6021	1	1022	30.0000	inf	[1;31m1.0000[0m	1.0000	ONO	ONO	ONO	NO	NO	NO	ND	LB	NULL	NULL
SEG	4	chr22_20990000_21000000	1	10001	30.0000	inf	[1;31m1.0000[0m	1.0000	ONO	ONO	ONO	NO	NO	NO	ND	LB	NULL	NULL
SEG	5	chr22_21000000_21010000	1	10001	30.0000	inf	[1;31m1.0000[0m	1.0000	ONO	ONO	ONO	NO	NO	NO	ND	LB	NULL	NULL
JUNC	0	4+=>2-	2+=>4-	30.0000	inf	[1;31m1.0000[0m	1.0000	NI	LB
JUNC	1	1+=>4-	4+=>1-	30.0000	inf	[1;31m0.0000[0m	1.0000	I	LB
JUNC	2	2-=>5+	5-=>2+	30.0000	inf	[1;31m1.0000[0m	1.0000	NI	LB
JUNC	3	5-=>3+	3-=>5+	30.0000	inf	[1;31m0.0000[0m	1.0000	I	LB
JUNC	4	1+=>2+	2-=>1-	30.0000	inf	[1;31m1.0000[0m	1.0000	I	LB
JUNC	5	2+=>3+	3-=>2-	30.0000	inf	[1;31m1.0000[0m	1.0000	I	LB
JUNC	6	3+=>1+	1-=>3-	30.0000	inf	[1;31m1.0000[0m	1.0000	I	LB
JUNC	7	4+=>5+	5-=>4-	30.0000	inf	[1;31m0.0000[0m	1.0000	I	LB
JUNC	8	5+=>4+	4-=>5-	30.0000	inf	[1;31m1.0000[0m	1.0000	I	LB
JUNC	9	3+=>4+	4-=>3-	1.0000	inf	[1;31m0.0000[0m	1.0000	I	NLB
JUNC	10	5+=>1+	1-=>5-	30.0000	inf	[1;31m0.0000[0m	1.0000	I	NLB
``````````````````````````````````````````````````````````````````````````````````````````
DuplicateJunctionException: 5+=>1+, 1-=>5-
``````````````````````````````````````````````````````````````````````````````````````````
Ploidy: 1
Avg ploidy: 1.0000
Avg coverage: 30.0000
Haploid coverage: 0.0000
Source: 1
Sink: 5
Segments: 5
Junctions: 11
``````````````````````````````````````````````````````````````````````````````````````````
SEG	1	HotL1_complete#LINE/L1_1_2000	1	2000	30.0000	inf	[1;31m1.0000[0m	1.0000	ONO	ONO	ONO	NO	NO	NO	ND	LB	NULL	NULL
SEG	2	HotL1_complete#LINE/L1_2000_5000	1	3001	30.0000	inf	[1;31m2.0000[0m	1.0000	ONO	ONO	ONO	NO	NO	NO	ND	LB	NULL	NULL
SEG	3	HotL1_complete#LINE/L1_5000_6021	1	1022	30.0000	inf	[1;31m1.0000[0m	1.0000	ONO	ONO	ONO	NO	NO	NO	ND	LB	NULL	NULL
SEG	4	chr22_20990000_21000000	1	10001	30.0000	inf	[1;31m1.0000[0m	1.0000	ONO	ONO	ONO	NO	NO	NO	ND	LB	NULL	NULL
SEG	5	chr22_21000000_21010000	1	10001	30.0000	inf	[1;31m1.0000[0m	1.0000	ONO	ONO	ONO	NO	NO	NO	ND	LB	NULL	NULL
JUNC	0	4+=>2-	2+=>4-	30.0000	inf	[1;31m1.0000[0m	1.0000	NI	LB
JUNC	1	1+=>4-	4+=>1-	30.0000	inf	[1;31m0.0000[0m	1.0000	I	LB
JUNC	2	2-=>5+	5-=>2+	30.0000	inf	[1;31m1.0000[0m	1.0000	NI	LB
JUNC	3	5-=>3+	3-=>5+	30.0000	inf	[1;31m0.0000[0m	1.0000	I	LB
JUNC	4	1+=>2+	2-=>1-	30.0000	inf	[1;31m1.0000[0m	1.0000	I	LB
JUNC	5	2+=>3+	3-=>2-	30.0000	inf	[1;31m1.0000[0m	1.0000	I	LB
JUNC	6	3+=>1+	1-=>3-	30.0000	inf	[1;31m1.0000[0m	1.0000	I	LB
JUNC	7	4+=>5+	5-=>4-	30.0000	inf	[1;31m0.0000[0m	1.0000	I	LB
JUNC	8	5+=>4+	4-=>5-	30.0000	inf	[1;31m1.0000[0m	1.0000	I	LB
JUNC	9	3+=>4+	4-=>3-	1.0000	inf	[1;31m0.0000[0m	1.0000	I	NLB
JUNC	10	5+=>1+	1-=>5-	30.0000	inf	[1;31m0.0000[0m	1.0000	I	NLB
``````````````````````````````````````````````````````````````````````````````````````````
Identifying circuits...
Traversed path: 1+ 2+ 4- 5- 2+ 3+ 1+ 
1 ---- 1+ 2+ 3+ 1+ 
2 ---- 2+ 4- 5- 2+ 
Write circuits
``````````````````````````````````````````````````````````````````````````````````````````
Ploidy: 1
Avg ploidy: 1.0000
Avg coverage: 30.0000
Haploid coverage: 0.0000
Source: 1
Sink: 5
Segments: 5
Junctions: 11
``````````````````````````````````````````````````````````````````````````````````````````
SEG	1	HotL1_complete#LINE/L1_1_2000	1	2000	30.0000	inf	[1;31m0.0000[0m	1.0000	ONO	ONO	ONO	NO	NO	NO	ND	LB	NULL	NULL
SEG	2	HotL1_complete#LINE/L1_2000_5000	1	3001	30.0000	inf	[1;31m0.0000[0m	1.0000	ONO	ONO	ONO	NO	NO	NO	ND	LB	NULL	NULL
SEG	3	HotL1_complete#LINE/L1_5000_6021	1	1022	30.0000	inf	[1;31m0.0000[0m	1.0000	ONO	ONO	ONO	NO	NO	NO	ND	LB	NULL	NULL
SEG	4	chr22_20990000_21000000	1	10001	30.0000	inf	[1;31m0.0000[0m	1.0000	ONO	ONO	ONO	NO	NO	NO	ND	LB	NULL	NULL
SEG	5	chr22_21000000_21010000	1	10001	30.0000	inf	[1;31m0.0000[0m	1.0000	ONO	ONO	ONO	NO	NO	NO	ND	LB	NULL	NULL
JUNC	0	4+=>2-	2+=>4-	30.0000	inf	[1;31m0.0000[0m	1.0000	NI	LB
JUNC	1	1+=>4-	4+=>1-	30.0000	inf	[1;31m0.0000[0m	1.0000	I	LB
JUNC	2	2-=>5+	5-=>2+	30.0000	inf	[1;31m0.0000[0m	1.0000	NI	LB
JUNC	3	5-=>3+	3-=>5+	30.0000	inf	[1;31m0.0000[0m	1.0000	I	LB
JUNC	4	1+=>2+	2-=>1-	30.0000	inf	[1;31m0.0000[0m	1.0000	I	LB
JUNC	5	2+=>3+	3-=>2-	30.0000	inf	[1;31m0.0000[0m	1.0000	I	LB
JUNC	6	3+=>1+	1-=>3-	30.0000	inf	[1;31m0.0000[0m	1.0000	I	LB
JUNC	7	4+=>5+	5-=>4-	30.0000	inf	[1;31m0.0000[0m	1.0000	I	LB
JUNC	8	5+=>4+	4-=>5-	30.0000	inf	[1;31m0.0000[0m	1.0000	I	LB
JUNC	9	3+=>4+	4-=>3-	1.0000	inf	[1;31m0.0000[0m	1.0000	I	NLB
JUNC	10	5+=>1+	1-=>5-	30.0000	inf	[1;31m0.0000[0m	1.0000	I	NLB
``````````````````````````````````````````````````````````````````````````````````````````
sort circuits
Insert at 2+
Mainpath done
1+ 2+ 4- 5- 2+ 3+ 1+ 
