Reading database...
Read done
Reading graph...
``````````````````````````````````````````````````````````````````````````````````````````
Ploidy: 1
Avg ploidy: 1
Avg coverage: 30
Haploid coverage: 0
Source: 1
Sink: 8
Segments: 8
Junctions: 16
``````````````````````````````````````````````````````````````````````````````````````````
SEG	1	L1HS_1_2000	1	2000	30.0000	inf	[1;31m1.0000[0m	1.0000	ONO	ONO	ONO	NO	NO	NO	ND	LB	NULL	NULL
SEG	2	L1HS_2000_5000	1	3001	30.0000	inf	[1;31m2.0000[0m	1.0000	ONO	ONO	ONO	NO	NO	NO	ND	LB	NULL	NULL
SEG	3	L1HS_5000_6064	1	1065	30.0000	inf	[1;31m1.0000[0m	1.0000	ONO	ONO	ONO	NO	NO	NO	ND	LB	NULL	NULL
SEG	4	chr5_30000_40000	1	10001	30.0000	inf	[1;31m1.0000[0m	1.0000	ONO	ONO	ONO	NO	NO	NO	ND	LB	NULL	NULL
SEG	5	chr5_40000_41000	1	1001	30.0000	inf	[1;31m2.0000[0m	1.0000	ONO	ONO	ONO	NO	NO	NO	ND	LB	NULL	NULL
SEG	6	chr5_41000_51000	1	10001	30.0000	inf	[1;31m1.0000[0m	1.0000	ONO	ONO	ONO	NO	NO	NO	ND	LB	NULL	NULL
SEG	7	chr22_23990000_24000000	1	10001	30.0000	inf	[1;31m1.0000[0m	1.0000	ONO	ONO	ONO	NO	NO	NO	ND	LB	NULL	NULL
SEG	8	chr22_24000000_24010000	1	10001	30.0000	inf	[1;31m1.0000[0m	1.0000	ONO	ONO	ONO	NO	NO	NO	ND	LB	NULL	NULL
JUNC	0	7+=>5-	5+=>7-	30.0000	inf	[1;31m1.0000[0m	1.0000	NI	LB
JUNC	1	4+=>7-	7+=>4-	30.0000	inf	[1;31m0.0000[0m	1.0000	I	LB
JUNC	2	2+=>5+	5-=>2-	30.0000	inf	[1;31m1.0000[0m	1.0000	NI	LB
JUNC	3	6+=>1+	1-=>6-	30.0000	inf	[1;31m0.0000[0m	1.0000	I	LB
JUNC	4	2-=>8+	8-=>2+	30.0000	inf	[1;31m1.0000[0m	1.0000	NI	LB
JUNC	5	8-=>3+	3-=>8+	30.0000	inf	[1;31m0.0000[0m	1.0000	I	LB
JUNC	6	1+=>2+	2-=>1-	30.0000	inf	[1;31m1.0000[0m	1.0000	I	LB
JUNC	7	2+=>3+	3-=>2-	30.0000	inf	[1;31m1.0000[0m	1.0000	I	LB
JUNC	8	3+=>1+	1-=>3-	30.0000	inf	[1;31m1.0000[0m	1.0000	I	LB
JUNC	9	4+=>5+	5-=>4-	30.0000	inf	[1;31m1.0000[0m	1.0000	I	LB
JUNC	10	5+=>6+	6-=>5-	30.0000	inf	[1;31m1.0000[0m	1.0000	I	LB
JUNC	11	6+=>4+	4-=>6-	30.0000	inf	[1;31m1.0000[0m	1.0000	I	LB
JUNC	12	7+=>8+	8-=>7-	30.0000	inf	[1;31m0.0000[0m	1.0000	I	LB
JUNC	13	8+=>7+	7-=>8-	30.0000	inf	[1;31m1.0000[0m	1.0000	I	LB
JUNC	14	6+=>7+	7-=>6-	1.0000	inf	[1;31m0.0000[0m	1.0000	I	NLB
JUNC	15	8+=>1+	1-=>8-	30.0000	inf	[1;31m0.0000[0m	1.0000	I	NLB
``````````````````````````````````````````````````````````````````````````````````````````
DuplicateJunctionException: 8+=>1+, 1-=>8-
``````````````````````````````````````````````````````````````````````````````````````````
Ploidy: 1
Avg ploidy: 1.0000
Avg coverage: 30.0000
Haploid coverage: 0.0000
Source: 1
Sink: 8
Segments: 8
Junctions: 16
``````````````````````````````````````````````````````````````````````````````````````````
SEG	1	L1HS_1_2000	1	2000	30.0000	inf	[1;31m1.0000[0m	1.0000	ONO	ONO	ONO	NO	NO	NO	ND	LB	NULL	NULL
SEG	2	L1HS_2000_5000	1	3001	30.0000	inf	[1;31m2.0000[0m	1.0000	ONO	ONO	ONO	NO	NO	NO	ND	LB	NULL	NULL
SEG	3	L1HS_5000_6064	1	1065	30.0000	inf	[1;31m1.0000[0m	1.0000	ONO	ONO	ONO	NO	NO	NO	ND	LB	NULL	NULL
SEG	4	chr5_30000_40000	1	10001	30.0000	inf	[1;31m1.0000[0m	1.0000	ONO	ONO	ONO	NO	NO	NO	ND	LB	NULL	NULL
SEG	5	chr5_40000_41000	1	1001	30.0000	inf	[1;31m2.0000[0m	1.0000	ONO	ONO	ONO	NO	NO	NO	ND	LB	NULL	NULL
SEG	6	chr5_41000_51000	1	10001	30.0000	inf	[1;31m1.0000[0m	1.0000	ONO	ONO	ONO	NO	NO	NO	ND	LB	NULL	NULL
SEG	7	chr22_23990000_24000000	1	10001	30.0000	inf	[1;31m1.0000[0m	1.0000	ONO	ONO	ONO	NO	NO	NO	ND	LB	NULL	NULL
SEG	8	chr22_24000000_24010000	1	10001	30.0000	inf	[1;31m1.0000[0m	1.0000	ONO	ONO	ONO	NO	NO	NO	ND	LB	NULL	NULL
JUNC	0	7+=>5-	5+=>7-	30.0000	inf	[1;31m1.0000[0m	1.0000	NI	LB
JUNC	1	4+=>7-	7+=>4-	30.0000	inf	[1;31m0.0000[0m	1.0000	I	LB
JUNC	2	2+=>5+	5-=>2-	30.0000	inf	[1;31m1.0000[0m	1.0000	NI	LB
JUNC	3	6+=>1+	1-=>6-	30.0000	inf	[1;31m0.0000[0m	1.0000	I	LB
JUNC	4	2-=>8+	8-=>2+	30.0000	inf	[1;31m1.0000[0m	1.0000	NI	LB
JUNC	5	8-=>3+	3-=>8+	30.0000	inf	[1;31m0.0000[0m	1.0000	I	LB
JUNC	6	1+=>2+	2-=>1-	30.0000	inf	[1;31m1.0000[0m	1.0000	I	LB
JUNC	7	2+=>3+	3-=>2-	30.0000	inf	[1;31m1.0000[0m	1.0000	I	LB
JUNC	8	3+=>1+	1-=>3-	30.0000	inf	[1;31m1.0000[0m	1.0000	I	LB
JUNC	9	4+=>5+	5-=>4-	30.0000	inf	[1;31m1.0000[0m	1.0000	I	LB
JUNC	10	5+=>6+	6-=>5-	30.0000	inf	[1;31m1.0000[0m	1.0000	I	LB
JUNC	11	6+=>4+	4-=>6-	30.0000	inf	[1;31m1.0000[0m	1.0000	I	LB
JUNC	12	7+=>8+	8-=>7-	30.0000	inf	[1;31m0.0000[0m	1.0000	I	LB
JUNC	13	8+=>7+	7-=>8-	30.0000	inf	[1;31m1.0000[0m	1.0000	I	LB
JUNC	14	6+=>7+	7-=>6-	1.0000	inf	[1;31m0.0000[0m	1.0000	I	NLB
JUNC	15	8+=>1+	1-=>8-	30.0000	inf	[1;31m0.0000[0m	1.0000	I	NLB
``````````````````````````````````````````````````````````````````````````````````````````
Identifying circuits...
Traversed path: 1+ 2+ 5+ 7- 8- 2+ 3+ 1+ 
Traversed path: 4+ 5+ 6+ 4+ 
1 ---- 1+ 2+ 3+ 1+ 
2 ---- 2+ 5+ 7- 8- 2+ 
3 ---- 4+ 5+ 6+ 4+ 
Write circuits
``````````````````````````````````````````````````````````````````````````````````````````
Ploidy: 1
Avg ploidy: 1.0000
Avg coverage: 30.0000
Haploid coverage: 0.0000
Source: 1
Sink: 8
Segments: 8
Junctions: 16
``````````````````````````````````````````````````````````````````````````````````````````
SEG	1	L1HS_1_2000	1	2000	30.0000	inf	[1;31m0.0000[0m	1.0000	ONO	ONO	ONO	NO	NO	NO	ND	LB	NULL	NULL
SEG	2	L1HS_2000_5000	1	3001	30.0000	inf	[1;31m0.0000[0m	1.0000	ONO	ONO	ONO	NO	NO	NO	ND	LB	NULL	NULL
SEG	3	L1HS_5000_6064	1	1065	30.0000	inf	[1;31m0.0000[0m	1.0000	ONO	ONO	ONO	NO	NO	NO	ND	LB	NULL	NULL
SEG	4	chr5_30000_40000	1	10001	30.0000	inf	[1;31m0.0000[0m	1.0000	ONO	ONO	ONO	NO	NO	NO	ND	LB	NULL	NULL
SEG	5	chr5_40000_41000	1	1001	30.0000	inf	[1;31m0.0000[0m	1.0000	ONO	ONO	ONO	NO	NO	NO	ND	LB	NULL	NULL
SEG	6	chr5_41000_51000	1	10001	30.0000	inf	[1;31m0.0000[0m	1.0000	ONO	ONO	ONO	NO	NO	NO	ND	LB	NULL	NULL
SEG	7	chr22_23990000_24000000	1	10001	30.0000	inf	[1;31m0.0000[0m	1.0000	ONO	ONO	ONO	NO	NO	NO	ND	LB	NULL	NULL
SEG	8	chr22_24000000_24010000	1	10001	30.0000	inf	[1;31m0.0000[0m	1.0000	ONO	ONO	ONO	NO	NO	NO	ND	LB	NULL	NULL
JUNC	0	7+=>5-	5+=>7-	30.0000	inf	[1;31m0.0000[0m	1.0000	NI	LB
JUNC	1	4+=>7-	7+=>4-	30.0000	inf	[1;31m0.0000[0m	1.0000	I	LB
JUNC	2	2+=>5+	5-=>2-	30.0000	inf	[1;31m0.0000[0m	1.0000	NI	LB
JUNC	3	6+=>1+	1-=>6-	30.0000	inf	[1;31m0.0000[0m	1.0000	I	LB
JUNC	4	2-=>8+	8-=>2+	30.0000	inf	[1;31m0.0000[0m	1.0000	NI	LB
JUNC	5	8-=>3+	3-=>8+	30.0000	inf	[1;31m0.0000[0m	1.0000	I	LB
JUNC	6	1+=>2+	2-=>1-	30.0000	inf	[1;31m0.0000[0m	1.0000	I	LB
JUNC	7	2+=>3+	3-=>2-	30.0000	inf	[1;31m0.0000[0m	1.0000	I	LB
JUNC	8	3+=>1+	1-=>3-	30.0000	inf	[1;31m0.0000[0m	1.0000	I	LB
JUNC	9	4+=>5+	5-=>4-	30.0000	inf	[1;31m0.0000[0m	1.0000	I	LB
JUNC	10	5+=>6+	6-=>5-	30.0000	inf	[1;31m0.0000[0m	1.0000	I	LB
JUNC	11	6+=>4+	4-=>6-	30.0000	inf	[1;31m0.0000[0m	1.0000	I	LB
JUNC	12	7+=>8+	8-=>7-	30.0000	inf	[1;31m0.0000[0m	1.0000	I	LB
JUNC	13	8+=>7+	7-=>8-	30.0000	inf	[1;31m0.0000[0m	1.0000	I	LB
JUNC	14	6+=>7+	7-=>6-	1.0000	inf	[1;31m0.0000[0m	1.0000	I	NLB
JUNC	15	8+=>1+	1-=>8-	30.0000	inf	[1;31m0.0000[0m	1.0000	I	NLB
``````````````````````````````````````````````````````````````````````````````````````````
sort circuits
Insert at 2+
Insert at 5+
Mainpath done
1+ 2+ 5+ 6+ 4+ 5+ 7- 8- 2+ 3+ 1+ 
