Reading database...
Read done
Reading graph...
``````````````````````````````````````````````````````````````````````````````````````````
Ploidy: 1
Avg ploidy: 1
Avg coverage: 30
Haploid coverage: 0
Source: 1
Sink: 7
Segments: 7
Junctions: 12
``````````````````````````````````````````````````````````````````````````````````````````
SEG	1	chr5_20000_30000	1	10001	30.0000	inf	[1;31m1.0000[0m	1.0000	ONO	ONO	ONO	NO	NO	NO	ND	LB	NULL	NULL
SEG	2	chr5_30000_31000	1	1001	30.0000	inf	[1;31m2.0000[0m	1.0000	ONO	ONO	ONO	NO	NO	NO	ND	LB	NULL	NULL
SEG	3	chr5_31000_41000	1	10001	30.0000	inf	[1;31m1.0000[0m	1.0000	ONO	ONO	ONO	NO	NO	NO	ND	LB	NULL	NULL
SEG	4	chr22_22990000_23000000	1	10001	30.0000	inf	[1;31m1.0000[0m	1.0000	ONO	ONO	ONO	NO	NO	NO	ND	LB	NULL	NULL
SEG	5	chr22_23000000_32000000	1	9000001	30.0000	inf	[1;31m1.0000[0m	1.0000	ONO	ONO	ONO	NO	NO	NO	ND	LB	NULL	NULL
SEG	6	chr22_32000000_32000100	1	101	30.0000	inf	[1;31m2.0000[0m	1.0000	ONO	ONO	ONO	NO	NO	NO	ND	LB	NULL	NULL
SEG	7	chr22_32000100_32010100	1	10001	30.0000	inf	[1;31m1.0000[0m	1.0000	ONO	ONO	ONO	NO	NO	NO	ND	LB	NULL	NULL
JUNC	0	4+=>2+	2-=>4-	30.0000	inf	[1;31m1.0000[0m	1.0000	NI	LB
JUNC	1	3+=>4+	4-=>3-	30.0000	inf	[1;31m0.0000[0m	1.0000	I	LB
JUNC	2	2+=>6+	6-=>2-	30.0000	inf	[1;31m1.0000[0m	1.0000	NI	LB
JUNC	3	7+=>1+	1-=>7-	30.0000	inf	[1;31m0.0000[0m	1.0000	I	LB
JUNC	4	6+=>5+	5-=>6-	30.0000	inf	[1;31m1.0000[0m	1.0000	NI	LB
JUNC	5	1+=>2+	2-=>1-	30.0000	inf	[1;31m1.0000[0m	1.0000	I	LB
JUNC	6	2+=>3+	3-=>2-	30.0000	inf	[1;31m1.0000[0m	1.0000	I	LB
JUNC	7	3+=>1+	1-=>3-	30.0000	inf	[1;31m1.0000[0m	1.0000	I	LB
JUNC	8	4+=>5+	5-=>4-	30.0000	inf	[1;31m0.0000[0m	1.0000	I	LB
JUNC	9	5+=>6+	6-=>5-	30.0000	inf	[1;31m1.0000[0m	1.0000	I	LB
JUNC	10	6+=>7+	7-=>6-	30.0000	inf	[1;31m1.0000[0m	1.0000	I	LB
JUNC	11	7+=>4+	4-=>7-	30.0000	inf	[1;31m1.0000[0m	1.0000	I	LB
``````````````````````````````````````````````````````````````````````````````````````````
DuplicateJunctionException: 7+=>1+, 1-=>7-
``````````````````````````````````````````````````````````````````````````````````````````
Ploidy: 1
Avg ploidy: 1.0000
Avg coverage: 30.0000
Haploid coverage: 0.0000
Source: 1
Sink: 7
Segments: 7
Junctions: 12
``````````````````````````````````````````````````````````````````````````````````````````
SEG	1	chr5_20000_30000	1	10001	30.0000	inf	[1;31m1.0000[0m	1.0000	ONO	ONO	ONO	NO	NO	NO	ND	LB	NULL	NULL
SEG	2	chr5_30000_31000	1	1001	30.0000	inf	[1;31m2.0000[0m	1.0000	ONO	ONO	ONO	NO	NO	NO	ND	LB	NULL	NULL
SEG	3	chr5_31000_41000	1	10001	30.0000	inf	[1;31m1.0000[0m	1.0000	ONO	ONO	ONO	NO	NO	NO	ND	LB	NULL	NULL
SEG	4	chr22_22990000_23000000	1	10001	30.0000	inf	[1;31m1.0000[0m	1.0000	ONO	ONO	ONO	NO	NO	NO	ND	LB	NULL	NULL
SEG	5	chr22_23000000_32000000	1	9000001	30.0000	inf	[1;31m1.0000[0m	1.0000	ONO	ONO	ONO	NO	NO	NO	ND	LB	NULL	NULL
SEG	6	chr22_32000000_32000100	1	101	30.0000	inf	[1;31m2.0000[0m	1.0000	ONO	ONO	ONO	NO	NO	NO	ND	LB	NULL	NULL
SEG	7	chr22_32000100_32010100	1	10001	30.0000	inf	[1;31m1.0000[0m	1.0000	ONO	ONO	ONO	NO	NO	NO	ND	LB	NULL	NULL
JUNC	0	4+=>2+	2-=>4-	30.0000	inf	[1;31m1.0000[0m	1.0000	NI	LB
JUNC	1	3+=>4+	4-=>3-	30.0000	inf	[1;31m0.0000[0m	1.0000	I	LB
JUNC	2	2+=>6+	6-=>2-	30.0000	inf	[1;31m1.0000[0m	1.0000	NI	LB
JUNC	3	7+=>1+	1-=>7-	30.0000	inf	[1;31m0.0000[0m	1.0000	I	LB
JUNC	4	6+=>5+	5-=>6-	30.0000	inf	[1;31m1.0000[0m	1.0000	NI	LB
JUNC	5	1+=>2+	2-=>1-	30.0000	inf	[1;31m1.0000[0m	1.0000	I	LB
JUNC	6	2+=>3+	3-=>2-	30.0000	inf	[1;31m1.0000[0m	1.0000	I	LB
JUNC	7	3+=>1+	1-=>3-	30.0000	inf	[1;31m1.0000[0m	1.0000	I	LB
JUNC	8	4+=>5+	5-=>4-	30.0000	inf	[1;31m0.0000[0m	1.0000	I	LB
JUNC	9	5+=>6+	6-=>5-	30.0000	inf	[1;31m1.0000[0m	1.0000	I	LB
JUNC	10	6+=>7+	7-=>6-	30.0000	inf	[1;31m1.0000[0m	1.0000	I	LB
JUNC	11	7+=>4+	4-=>7-	30.0000	inf	[1;31m1.0000[0m	1.0000	I	LB
``````````````````````````````````````````````````````````````````````````````````````````
Identifying circuits...
Traversed path: 1+ 2+ 6+ 5+ 6+ 7+ 4+ 2+ 3+ 1+ 
1 ---- 1+ 2+ 3+ 1+ 
2 ---- 2+ 6+ 7+ 4+ 2+ 
3 ---- 6+ 5+ 6+ 
Write circuits
``````````````````````````````````````````````````````````````````````````````````````````
Ploidy: 1
Avg ploidy: 1.0000
Avg coverage: 30.0000
Haploid coverage: 0.0000
Source: 1
Sink: 7
Segments: 7
Junctions: 12
``````````````````````````````````````````````````````````````````````````````````````````
SEG	1	chr5_20000_30000	1	10001	30.0000	inf	[1;31m0.0000[0m	1.0000	ONO	ONO	ONO	NO	NO	NO	ND	LB	NULL	NULL
SEG	2	chr5_30000_31000	1	1001	30.0000	inf	[1;31m0.0000[0m	1.0000	ONO	ONO	ONO	NO	NO	NO	ND	LB	NULL	NULL
SEG	3	chr5_31000_41000	1	10001	30.0000	inf	[1;31m0.0000[0m	1.0000	ONO	ONO	ONO	NO	NO	NO	ND	LB	NULL	NULL
SEG	4	chr22_22990000_23000000	1	10001	30.0000	inf	[1;31m0.0000[0m	1.0000	ONO	ONO	ONO	NO	NO	NO	ND	LB	NULL	NULL
SEG	5	chr22_23000000_32000000	1	9000001	30.0000	inf	[1;31m0.0000[0m	1.0000	ONO	ONO	ONO	NO	NO	NO	ND	LB	NULL	NULL
SEG	6	chr22_32000000_32000100	1	101	30.0000	inf	[1;31m0.0000[0m	1.0000	ONO	ONO	ONO	NO	NO	NO	ND	LB	NULL	NULL
SEG	7	chr22_32000100_32010100	1	10001	30.0000	inf	[1;31m0.0000[0m	1.0000	ONO	ONO	ONO	NO	NO	NO	ND	LB	NULL	NULL
JUNC	0	4+=>2+	2-=>4-	30.0000	inf	[1;31m0.0000[0m	1.0000	NI	LB
JUNC	1	3+=>4+	4-=>3-	30.0000	inf	[1;31m0.0000[0m	1.0000	I	LB
JUNC	2	2+=>6+	6-=>2-	30.0000	inf	[1;31m0.0000[0m	1.0000	NI	LB
JUNC	3	7+=>1+	1-=>7-	30.0000	inf	[1;31m0.0000[0m	1.0000	I	LB
JUNC	4	6+=>5+	5-=>6-	30.0000	inf	[1;31m0.0000[0m	1.0000	NI	LB
JUNC	5	1+=>2+	2-=>1-	30.0000	inf	[1;31m0.0000[0m	1.0000	I	LB
JUNC	6	2+=>3+	3-=>2-	30.0000	inf	[1;31m0.0000[0m	1.0000	I	LB
JUNC	7	3+=>1+	1-=>3-	30.0000	inf	[1;31m0.0000[0m	1.0000	I	LB
JUNC	8	4+=>5+	5-=>4-	30.0000	inf	[1;31m0.0000[0m	1.0000	I	LB
JUNC	9	5+=>6+	6-=>5-	30.0000	inf	[1;31m0.0000[0m	1.0000	I	LB
JUNC	10	6+=>7+	7-=>6-	30.0000	inf	[1;31m0.0000[0m	1.0000	I	LB
JUNC	11	7+=>4+	4-=>7-	30.0000	inf	[1;31m0.0000[0m	1.0000	I	LB
``````````````````````````````````````````````````````````````````````````````````````````
sort circuits
Insert at 2+
Insert at 6+
Mainpath done
1+ 2+ 6+ 5+ 6+ 7+ 4+ 2+ 3+ 1+ 
