Reading database...
Read done
Reading graph...
WARN: only AVG_PLOIDY is given, use that
Average ploidy: 1
Haploid depth: 30
``````````````````````````````````````````````````````````````````````````````````````````
Ploidy: 1
Avg ploidy: 1
Avg coverage: 30
Haploid coverage: 30
Source: 1
Sink: 8
Segments: 8
Junctions: 14
``````````````````````````````````````````````````````````````````````````````````````````
SEG	1	L1HS_1_2000	1	2000	30.0000	1.0000	[1;31m-1.0000[0m	1.0000	ONO	ONO	ONO	NO	NO	NO	ND	LB	NULL	NULL
SEG	2	L1HS_2000_5000	1	3001	30.0000	1.0000	[1;31m-1.0000[0m	1.0000	ONO	ONO	ONO	NO	NO	NO	ND	LB	NULL	NULL
SEG	3	L1HS_5000_6064	1	1065	30.0000	1.0000	[1;31m-1.0000[0m	1.0000	ONO	ONO	ONO	NO	NO	NO	ND	LB	NULL	NULL
SEG	4	chr5_30000_40000	1	10001	30.0000	1.0000	[1;31m-1.0000[0m	1.0000	ONO	ONO	ONO	NO	NO	NO	ND	LB	NULL	NULL
SEG	5	chr5_40000_41000	1	1001	30.0000	1.0000	[1;31m-1.0000[0m	1.0000	ONO	ONO	ONO	NO	NO	NO	ND	LB	NULL	NULL
SEG	6	chr5_41000_51000	1	10001	30.0000	1.0000	[1;31m-1.0000[0m	1.0000	ONO	ONO	ONO	NO	NO	NO	ND	LB	NULL	NULL
SEG	7	chr22_23990000_24000000	1	10001	30.0000	1.0000	[1;31m-1.0000[0m	1.0000	ONO	ONO	ONO	NO	NO	NO	ND	LB	NULL	NULL
SEG	8	chr22_24000000_24010000	1	10001	30.0000	1.0000	[1;31m-1.0000[0m	1.0000	ONO	ONO	ONO	NO	NO	NO	ND	LB	NULL	NULL
JUNC	0	7+=>5-	5+=>7-	30.0000	1.0000	[1;31m-1.0000[0m	1.0000	NI	LB
JUNC	1	4+=>7-	7+=>4-	30.0000	1.0000	[1;31m-1.0000[0m	1.0000	I	LB
JUNC	2	2+=>5+	5-=>2-	30.0000	1.0000	[1;31m-1.0000[0m	1.0000	NI	LB
JUNC	3	6+=>1+	1-=>6-	30.0000	1.0000	[1;31m-1.0000[0m	1.0000	I	LB
JUNC	4	2-=>8+	8-=>2+	30.0000	1.0000	[1;31m-1.0000[0m	1.0000	NI	LB
JUNC	5	8-=>3+	3-=>8+	30.0000	1.0000	[1;31m-1.0000[0m	1.0000	I	LB
JUNC	6	1+=>2+	2-=>1-	30.0000	1.0000	[1;31m-1.0000[0m	1.0000	I	LB
JUNC	7	2+=>3+	3-=>2-	30.0000	1.0000	[1;31m-1.0000[0m	1.0000	I	LB
JUNC	8	3+=>1+	1-=>3-	30.0000	1.0000	[1;31m-1.0000[0m	1.0000	I	LB
JUNC	9	4+=>5+	5-=>4-	30.0000	1.0000	[1;31m-1.0000[0m	1.0000	I	LB
JUNC	10	5+=>6+	6-=>5-	30.0000	1.0000	[1;31m-1.0000[0m	1.0000	I	LB
JUNC	11	6+=>4+	4-=>6-	30.0000	1.0000	[1;31m-1.0000[0m	1.0000	I	LB
JUNC	12	7+=>8+	8-=>7-	30.0000	1.0000	[1;31m-1.0000[0m	1.0000	I	LB
JUNC	13	8+=>7+	7-=>8-	30.0000	1.0000	[1;31m-1.0000[0m	1.0000	I	LB
``````````````````````````````````````````````````````````````````````````````````````````
Rec: L1HS 2000-
SegmentDoesNotExistException: Segment with ID 2000 does not exist
Rec: L1HS 5000-
SegmentDoesNotExistException: Segment with ID 5000 does not exist
Rec: L1HS 2000+
SegmentDoesNotExistException: Segment with ID 2000 does not exist
Rec: L1HS 5000+
SegmentDoesNotExistException: Segment with ID 5000 does not exist
Rec: chr22 24000000-
SegmentDoesNotExistException: Segment with ID 24000000 does not exist
Rec: chr22 24000000-
SegmentDoesNotExistException: Segment with ID 24000000 does not exist
Rec: chr22 24000000+
SegmentDoesNotExistException: Segment with ID 24000000 does not exist
Rec: chr22 24000000+
SegmentDoesNotExistException: Segment with ID 24000000 does not exist
Rec: chr5 40000-
SegmentDoesNotExistException: Segment with ID 40000 does not exist
Rec: chr5 41000-
SegmentDoesNotExistException: Segment with ID 41000 does not exist
Rec: chr5 40000+
SegmentDoesNotExistException: Segment with ID 40000 does not exist
Rec: chr5 41000+
SegmentDoesNotExistException: Segment with ID 41000 does not exist
checking reachability
``````````````````````````````````````````````````````````````````````````````````````````
Ploidy: 1
Avg ploidy: 1.0000
Avg coverage: 30.0000
Haploid coverage: 30.0000
Source: 1
Sink: 8
Segments: 8
Junctions: 14
``````````````````````````````````````````````````````````````````````````````````````````
SEG	1	L1HS_1_2000	1	2000	30.0000	1.0000	[1;31m-1.0000[0m	1.0000	ONO	ONO	ONO	NO	NO	NO	ND	LB	NULL	NULL
SEG	2	L1HS_2000_5000	1	3001	30.0000	1.0000	[1;31m-1.0000[0m	1.0000	ONO	ONO	ONO	NO	NO	NO	ND	LB	NULL	NULL
SEG	3	L1HS_5000_6064	1	1065	30.0000	1.0000	[1;31m-1.0000[0m	1.0000	ONO	ONO	ONO	NO	NO	NO	ND	LB	NULL	NULL
SEG	4	chr5_30000_40000	1	10001	30.0000	1.0000	[1;31m-1.0000[0m	1.0000	ONO	ONO	ONO	NO	NO	NO	ND	LB	NULL	NULL
SEG	5	chr5_40000_41000	1	1001	30.0000	1.0000	[1;31m-1.0000[0m	1.0000	ONO	ONO	ONO	NO	NO	NO	ND	LB	NULL	NULL
SEG	6	chr5_41000_51000	1	10001	30.0000	1.0000	[1;31m-1.0000[0m	1.0000	ONO	ONO	ONO	NO	NO	NO	ND	LB	NULL	NULL
SEG	7	chr22_23990000_24000000	1	10001	30.0000	1.0000	[1;31m-1.0000[0m	1.0000	ONO	ONO	ONO	NO	NO	NO	ND	LB	NULL	NULL
SEG	8	chr22_24000000_24010000	1	10001	30.0000	1.0000	[1;31m-1.0000[0m	1.0000	ONO	ONO	ONO	NO	NO	NO	ND	LB	NULL	NULL
JUNC	0	7+=>5-	5+=>7-	30.0000	1.0000	[1;31m-1.0000[0m	1.0000	NI	LB
JUNC	1	4+=>7-	7+=>4-	30.0000	1.0000	[1;31m-1.0000[0m	1.0000	I	LB
JUNC	2	2+=>5+	5-=>2-	30.0000	1.0000	[1;31m-1.0000[0m	1.0000	NI	LB
JUNC	3	6+=>1+	1-=>6-	30.0000	1.0000	[1;31m-1.0000[0m	1.0000	I	LB
JUNC	4	2-=>8+	8-=>2+	30.0000	1.0000	[1;31m-1.0000[0m	1.0000	NI	LB
JUNC	5	8-=>3+	3-=>8+	30.0000	1.0000	[1;31m-1.0000[0m	1.0000	I	LB
JUNC	6	1+=>2+	2-=>1-	30.0000	1.0000	[1;31m-1.0000[0m	1.0000	I	LB
JUNC	7	2+=>3+	3-=>2-	30.0000	1.0000	[1;31m-1.0000[0m	1.0000	I	LB
JUNC	8	3+=>1+	1-=>3-	30.0000	1.0000	[1;31m-1.0000[0m	1.0000	I	LB
JUNC	9	4+=>5+	5-=>4-	30.0000	1.0000	[1;31m-1.0000[0m	1.0000	I	LB
JUNC	10	5+=>6+	6-=>5-	30.0000	1.0000	[1;31m-1.0000[0m	1.0000	I	LB
JUNC	11	6+=>4+	4-=>6-	30.0000	1.0000	[1;31m-1.0000[0m	1.0000	I	LB
JUNC	12	7+=>8+	8-=>7-	30.0000	1.0000	[1;31m-1.0000[0m	1.0000	I	LB
JUNC	13	8+=>7+	7-=>8-	30.0000	1.0000	[1;31m-1.0000[0m	1.0000	I	LB
``````````````````````````````````````````````````````````````````````````````````````````
Checking reachability...
backwardSourceNotReachableVertices: 2- 3- 4- 5- 6- 7+ 
backwardSinkNotReachableVertices: 2- 3- 4- 5- 6- 7+ 
forwardSourceNotReachableVertices: 2+ 3+ 4+ 5+ 6+ 7- 
forwardSinkNotReachableVertices: 2+ 3+ 4+ 5+ 6+ 7- 

for backward source: 
count reach
5 5 5 5 5 5 
Current vertex: 7 chr22_23990000_24000000 1+
Record is NULL or no edge can be added from juncdb
prev: 6+
add junction without juncdb: 6+=>7+, 7-=>6-
backwardSourceNotReachableVertices: 
backwardSinkNotReachableVertices: 
forwardSourceNotReachableVertices: 
forwardSinkNotReachableVertices: 

Graph reachable.
``````````````````````````````````````````````````````````````````````````````````````````
Ploidy: 1
Avg ploidy: 1.0000
Avg coverage: 30.0000
Haploid coverage: 30.0000
Source: 1
Sink: 8
Segments: 8
Junctions: 15
``````````````````````````````````````````````````````````````````````````````````````````
SEG	1	L1HS_1_2000	1	2000	30.0000	1.0000	[1;31m1.0000[0m	1.0000	ONO	ONO	ONO	NO	NO	NO	ND	LB	NULL	NULL
SEG	2	L1HS_2000_5000	1	3001	30.0000	1.0000	[1;31m1.0000[0m	1.0000	ONO	ONO	ONO	NO	NO	NO	ND	LB	NULL	NULL
SEG	3	L1HS_5000_6064	1	1065	30.0000	1.0000	[1;31m1.0000[0m	1.0000	ONO	ONO	ONO	NO	NO	NO	ND	LB	NULL	NULL
SEG	4	chr5_30000_40000	1	10001	30.0000	1.0000	[1;31m1.0000[0m	1.0000	ONO	ONO	ONO	NO	NO	NO	ND	LB	NULL	NULL
SEG	5	chr5_40000_41000	1	1001	30.0000	1.0000	[1;31m1.0000[0m	1.0000	ONO	ONO	ONO	NO	NO	NO	ND	LB	NULL	NULL
SEG	6	chr5_41000_51000	1	10001	30.0000	1.0000	[1;31m1.0000[0m	1.0000	ONO	ONO	ONO	NO	NO	NO	ND	LB	NULL	NULL
SEG	7	chr22_23990000_24000000	1	10001	30.0000	1.0000	[1;31m1.0000[0m	1.0000	ONO	ONO	ONO	NO	NO	NO	ND	LB	NULL	NULL
SEG	8	chr22_24000000_24010000	1	10001	30.0000	1.0000	[1;31m1.0000[0m	1.0000	ONO	ONO	ONO	NO	NO	NO	ND	LB	NULL	NULL
JUNC	0	7+=>5-	5+=>7-	30.0000	1.0000	[1;31m1.0000[0m	1.0000	NI	LB
JUNC	1	4+=>7-	7+=>4-	30.0000	1.0000	[1;31m1.0000[0m	1.0000	I	LB
JUNC	2	2+=>5+	5-=>2-	30.0000	1.0000	[1;31m1.0000[0m	1.0000	NI	LB
JUNC	3	6+=>1+	1-=>6-	30.0000	1.0000	[1;31m1.0000[0m	1.0000	I	LB
JUNC	4	2-=>8+	8-=>2+	30.0000	1.0000	[1;31m1.0000[0m	1.0000	NI	LB
JUNC	5	8-=>3+	3-=>8+	30.0000	1.0000	[1;31m1.0000[0m	1.0000	I	LB
JUNC	6	1+=>2+	2-=>1-	30.0000	1.0000	[1;31m1.0000[0m	1.0000	I	LB
JUNC	7	2+=>3+	3-=>2-	30.0000	1.0000	[1;31m1.0000[0m	1.0000	I	LB
JUNC	8	3+=>1+	1-=>3-	30.0000	1.0000	[1;31m1.0000[0m	1.0000	I	LB
JUNC	9	4+=>5+	5-=>4-	30.0000	1.0000	[1;31m1.0000[0m	1.0000	I	LB
JUNC	10	5+=>6+	6-=>5-	30.0000	1.0000	[1;31m1.0000[0m	1.0000	I	LB
JUNC	11	6+=>4+	4-=>6-	30.0000	1.0000	[1;31m1.0000[0m	1.0000	I	LB
JUNC	12	7+=>8+	8-=>7-	30.0000	1.0000	[1;31m1.0000[0m	1.0000	I	LB
JUNC	13	8+=>7+	7-=>8-	30.0000	1.0000	[1;31m1.0000[0m	1.0000	I	LB
JUNC	14	6+=>7+	7-=>6-	1.0000	0.0333	[1;31m0.0333[0m	0.0000	I	NLB
``````````````````````````````````````````````````````````````````````````````````````````
connect ss
``````````````````````````````````````````````````````````````````````````````````````````
Ploidy: 1
Avg ploidy: 1.0000
Avg coverage: 30.0000
Haploid coverage: 30.0000
Source: 1
Sink: 8
Segments: 8
Junctions: 16
``````````````````````````````````````````````````````````````````````````````````````````
SEG	1	L1HS_1_2000	1	2000	30.0000	1.0000	[1;31m1.0000[0m	1.0000	ONO	ONO	ONO	NO	NO	NO	ND	LB	NULL	NULL
SEG	2	L1HS_2000_5000	1	3001	30.0000	1.0000	[1;31m1.0000[0m	1.0000	ONO	ONO	ONO	NO	NO	NO	ND	LB	NULL	NULL
SEG	3	L1HS_5000_6064	1	1065	30.0000	1.0000	[1;31m1.0000[0m	1.0000	ONO	ONO	ONO	NO	NO	NO	ND	LB	NULL	NULL
SEG	4	chr5_30000_40000	1	10001	30.0000	1.0000	[1;31m1.0000[0m	1.0000	ONO	ONO	ONO	NO	NO	NO	ND	LB	NULL	NULL
SEG	5	chr5_40000_41000	1	1001	30.0000	1.0000	[1;31m1.0000[0m	1.0000	ONO	ONO	ONO	NO	NO	NO	ND	LB	NULL	NULL
SEG	6	chr5_41000_51000	1	10001	30.0000	1.0000	[1;31m1.0000[0m	1.0000	ONO	ONO	ONO	NO	NO	NO	ND	LB	NULL	NULL
SEG	7	chr22_23990000_24000000	1	10001	30.0000	1.0000	[1;31m1.0000[0m	1.0000	ONO	ONO	ONO	NO	NO	NO	ND	LB	NULL	NULL
SEG	8	chr22_24000000_24010000	1	10001	30.0000	1.0000	[1;31m1.0000[0m	1.0000	ONO	ONO	ONO	NO	NO	NO	ND	LB	NULL	NULL
JUNC	0	7+=>5-	5+=>7-	30.0000	1.0000	[1;31m1.0000[0m	1.0000	NI	LB
JUNC	1	4+=>7-	7+=>4-	30.0000	1.0000	[1;31m1.0000[0m	1.0000	I	LB
JUNC	2	2+=>5+	5-=>2-	30.0000	1.0000	[1;31m1.0000[0m	1.0000	NI	LB
JUNC	3	6+=>1+	1-=>6-	30.0000	1.0000	[1;31m1.0000[0m	1.0000	I	LB
JUNC	4	2-=>8+	8-=>2+	30.0000	1.0000	[1;31m1.0000[0m	1.0000	NI	LB
JUNC	5	8-=>3+	3-=>8+	30.0000	1.0000	[1;31m1.0000[0m	1.0000	I	LB
JUNC	6	1+=>2+	2-=>1-	30.0000	1.0000	[1;31m1.0000[0m	1.0000	I	LB
JUNC	7	2+=>3+	3-=>2-	30.0000	1.0000	[1;31m1.0000[0m	1.0000	I	LB
JUNC	8	3+=>1+	1-=>3-	30.0000	1.0000	[1;31m1.0000[0m	1.0000	I	LB
JUNC	9	4+=>5+	5-=>4-	30.0000	1.0000	[1;31m1.0000[0m	1.0000	I	LB
JUNC	10	5+=>6+	6-=>5-	30.0000	1.0000	[1;31m1.0000[0m	1.0000	I	LB
JUNC	11	6+=>4+	4-=>6-	30.0000	1.0000	[1;31m1.0000[0m	1.0000	I	LB
JUNC	12	7+=>8+	8-=>7-	30.0000	1.0000	[1;31m1.0000[0m	1.0000	I	LB
JUNC	13	8+=>7+	7-=>8-	30.0000	1.0000	[1;31m1.0000[0m	1.0000	I	LB
JUNC	14	6+=>7+	7-=>6-	1.0000	0.0333	[1;31m0.0333[0m	0.0000	I	NLB
JUNC	15	8+=>1+	1-=>8-	30.0000	1.0000	[1;31m1.0000[0m	1.0000	I	NLB
``````````````````````````````````````````````````````````````````````````````````````````
write
write seg
write done
Declare done
Segment done
Junc done
Source sink done
Objective done
LU seg done
infer info - 1: 0 8 24 7+=>5- 
infer info - 0: 1 9 25 4+=>7- 
infer info - 1: 2 10 26 2+=>5+ 
infer info - 0: 3 11 27 6+=>1+ 
infer info - 1: 4 12 28 2-=>8+ 
infer info - 0: 5 13 29 8-=>3+ 
infer info - 0: 6 14 30 1+=>2+ 
infer info - 0: 7 15 31 2+=>3+ 
infer info - 0: 8 16 32 3+=>1+ 
infer info - 0: 9 17 33 4+=>5+ 
infer info - 0: 10 18 34 5+=>6+ 
infer info - 0: 11 19 35 6+=>4+ 
infer info - 0: 12 20 36 7+=>8+ 
infer info - 0: 13 21 37 8+=>7+ 
infer info - 0: 14 22 38 6+=>7+ 
infer info - 0: 15 23 39 8+=>1+ 
LU junc done
Done
