Reading database...
Read done
Reading graph...
WARN: only AVG_PLOIDY is given, use that
Average ploidy: 1
Haploid depth: 30
``````````````````````````````````````````````````````````````````````````````````````````
Ploidy: 1
Avg ploidy: 1
Avg coverage: 30
Haploid coverage: 30
Source: 1
Sink: 9
Segments: 9
Junctions: 16
``````````````````````````````````````````````````````````````````````````````````````````
SEG	1	L1HS_1_6000	1	6000	30.0000	1.0000	[1;31m-1.0000[0m	1.0000	ONO	ONO	ONO	NO	NO	NO	ND	LB	NULL	NULL
SEG	2	L1HS_6000_6064	1	65	30.0000	1.0000	[1;31m-1.0000[0m	1.0000	ONO	ONO	ONO	NO	NO	NO	ND	LB	NULL	NULL
SEG	3	chr5_10000_20000	1	10001	30.0000	1.0000	[1;31m-1.0000[0m	1.0000	ONO	ONO	ONO	NO	NO	NO	ND	LB	NULL	NULL
SEG	4	chr5_20000_21000	1	1001	30.0000	1.0000	[1;31m-1.0000[0m	1.0000	ONO	ONO	ONO	NO	NO	NO	ND	LB	NULL	NULL
SEG	5	chr5_21000_31000	1	10001	30.0000	1.0000	[1;31m-1.0000[0m	1.0000	ONO	ONO	ONO	NO	NO	NO	ND	LB	NULL	NULL
SEG	6	chr22_21990000_22000000	1	10001	30.0000	1.0000	[1;31m-1.0000[0m	1.0000	ONO	ONO	ONO	NO	NO	NO	ND	LB	NULL	NULL
SEG	7	chr22_22000000_31000000	1	9000001	30.0000	1.0000	[1;31m-1.0000[0m	1.0000	ONO	ONO	ONO	NO	NO	NO	ND	LB	NULL	NULL
SEG	8	chr22_31000000_31000100	1	101	30.0000	1.0000	[1;31m-1.0000[0m	1.0000	ONO	ONO	ONO	NO	NO	NO	ND	LB	NULL	NULL
SEG	9	chr22_31000100_31010100	1	10001	30.0000	1.0000	[1;31m-1.0000[0m	1.0000	ONO	ONO	ONO	NO	NO	NO	ND	LB	NULL	NULL
JUNC	0	6+=>1+	1-=>6-	30.0000	1.0000	[1;31m-1.0000[0m	1.0000	NI	LB
JUNC	1	2+=>6+	6-=>2-	30.0000	1.0000	[1;31m-1.0000[0m	1.0000	I	LB
JUNC	2	1+=>4+	4-=>1-	30.0000	1.0000	[1;31m-1.0000[0m	1.0000	NI	LB
JUNC	3	5+=>1+	1-=>5-	30.0000	1.0000	[1;31m-1.0000[0m	1.0000	I	LB
JUNC	4	4+=>8+	8-=>4-	30.0000	1.0000	[1;31m-1.0000[0m	1.0000	NI	LB
JUNC	5	9+=>3+	3-=>9-	30.0000	1.0000	[1;31m-1.0000[0m	1.0000	I	LB
JUNC	6	8+=>7+	7-=>8-	30.0000	1.0000	[1;31m-1.0000[0m	1.0000	NI	LB
JUNC	7	1+=>2+	2-=>1-	30.0000	1.0000	[1;31m-1.0000[0m	1.0000	I	LB
JUNC	8	2+=>1+	1-=>2-	30.0000	1.0000	[1;31m-1.0000[0m	1.0000	I	LB
JUNC	9	3+=>4+	4-=>3-	30.0000	1.0000	[1;31m-1.0000[0m	1.0000	I	LB
JUNC	10	4+=>5+	5-=>4-	30.0000	1.0000	[1;31m-1.0000[0m	1.0000	I	LB
JUNC	11	5+=>3+	3-=>5-	30.0000	1.0000	[1;31m-1.0000[0m	1.0000	I	LB
JUNC	12	6+=>7+	7-=>6-	30.0000	1.0000	[1;31m-1.0000[0m	1.0000	I	LB
JUNC	13	7+=>8+	8-=>7-	30.0000	1.0000	[1;31m-1.0000[0m	1.0000	I	LB
JUNC	14	8+=>9+	9-=>8-	30.0000	1.0000	[1;31m-1.0000[0m	1.0000	I	LB
JUNC	15	9+=>6+	6-=>9-	30.0000	1.0000	[1;31m-1.0000[0m	1.0000	I	LB
``````````````````````````````````````````````````````````````````````````````````````````
Rec: L1HS 1-
SegmentDoesNotExistException: Segment with ID 1 does not exist
Rec: L1HS 6000-
SegmentDoesNotExistException: Segment with ID 6000 does not exist
Rec: L1HS 1+
SegmentDoesNotExistException: Segment with ID 1 does not exist
Rec: L1HS 6000+
SegmentDoesNotExistException: Segment with ID 6000 does not exist
Rec: chr22 22000000-
SegmentDoesNotExistException: Segment with ID 22000000 does not exist
Rec: chr22 22000000-
SegmentDoesNotExistException: Segment with ID 22000000 does not exist
Rec: chr22 31000000-
SegmentDoesNotExistException: Segment with ID 31000000 does not exist
Rec: chr22 31000100-
SegmentDoesNotExistException: Segment with ID 31000100 does not exist
Rec: chr22 22000000+
SegmentDoesNotExistException: Segment with ID 22000000 does not exist
Rec: chr22 22000000+
SegmentDoesNotExistException: Segment with ID 22000000 does not exist
Rec: chr22 31000000+
SegmentDoesNotExistException: Segment with ID 31000000 does not exist
Rec: chr22 31000100+
SegmentDoesNotExistException: Segment with ID 31000100 does not exist
Rec: chr5 20000-
SegmentDoesNotExistException: Segment with ID 20000 does not exist
Rec: chr5 21000-
SegmentDoesNotExistException: Segment with ID 21000 does not exist
Rec: chr5 20000+
SegmentDoesNotExistException: Segment with ID 20000 does not exist
Rec: chr5 21000+
SegmentDoesNotExistException: Segment with ID 21000 does not exist
checking reachability
``````````````````````````````````````````````````````````````````````````````````````````
Ploidy: 1
Avg ploidy: 1.0000
Avg coverage: 30.0000
Haploid coverage: 30.0000
Source: 1
Sink: 9
Segments: 9
Junctions: 16
``````````````````````````````````````````````````````````````````````````````````````````
SEG	1	L1HS_1_6000	1	6000	30.0000	1.0000	[1;31m-1.0000[0m	1.0000	ONO	ONO	ONO	NO	NO	NO	ND	LB	NULL	NULL
SEG	2	L1HS_6000_6064	1	65	30.0000	1.0000	[1;31m-1.0000[0m	1.0000	ONO	ONO	ONO	NO	NO	NO	ND	LB	NULL	NULL
SEG	3	chr5_10000_20000	1	10001	30.0000	1.0000	[1;31m-1.0000[0m	1.0000	ONO	ONO	ONO	NO	NO	NO	ND	LB	NULL	NULL
SEG	4	chr5_20000_21000	1	1001	30.0000	1.0000	[1;31m-1.0000[0m	1.0000	ONO	ONO	ONO	NO	NO	NO	ND	LB	NULL	NULL
SEG	5	chr5_21000_31000	1	10001	30.0000	1.0000	[1;31m-1.0000[0m	1.0000	ONO	ONO	ONO	NO	NO	NO	ND	LB	NULL	NULL
SEG	6	chr22_21990000_22000000	1	10001	30.0000	1.0000	[1;31m-1.0000[0m	1.0000	ONO	ONO	ONO	NO	NO	NO	ND	LB	NULL	NULL
SEG	7	chr22_22000000_31000000	1	9000001	30.0000	1.0000	[1;31m-1.0000[0m	1.0000	ONO	ONO	ONO	NO	NO	NO	ND	LB	NULL	NULL
SEG	8	chr22_31000000_31000100	1	101	30.0000	1.0000	[1;31m-1.0000[0m	1.0000	ONO	ONO	ONO	NO	NO	NO	ND	LB	NULL	NULL
SEG	9	chr22_31000100_31010100	1	10001	30.0000	1.0000	[1;31m-1.0000[0m	1.0000	ONO	ONO	ONO	NO	NO	NO	ND	LB	NULL	NULL
JUNC	0	6+=>1+	1-=>6-	30.0000	1.0000	[1;31m-1.0000[0m	1.0000	NI	LB
JUNC	1	2+=>6+	6-=>2-	30.0000	1.0000	[1;31m-1.0000[0m	1.0000	I	LB
JUNC	2	1+=>4+	4-=>1-	30.0000	1.0000	[1;31m-1.0000[0m	1.0000	NI	LB
JUNC	3	5+=>1+	1-=>5-	30.0000	1.0000	[1;31m-1.0000[0m	1.0000	I	LB
JUNC	4	4+=>8+	8-=>4-	30.0000	1.0000	[1;31m-1.0000[0m	1.0000	NI	LB
JUNC	5	9+=>3+	3-=>9-	30.0000	1.0000	[1;31m-1.0000[0m	1.0000	I	LB
JUNC	6	8+=>7+	7-=>8-	30.0000	1.0000	[1;31m-1.0000[0m	1.0000	NI	LB
JUNC	7	1+=>2+	2-=>1-	30.0000	1.0000	[1;31m-1.0000[0m	1.0000	I	LB
JUNC	8	2+=>1+	1-=>2-	30.0000	1.0000	[1;31m-1.0000[0m	1.0000	I	LB
JUNC	9	3+=>4+	4-=>3-	30.0000	1.0000	[1;31m-1.0000[0m	1.0000	I	LB
JUNC	10	4+=>5+	5-=>4-	30.0000	1.0000	[1;31m-1.0000[0m	1.0000	I	LB
JUNC	11	5+=>3+	3-=>5-	30.0000	1.0000	[1;31m-1.0000[0m	1.0000	I	LB
JUNC	12	6+=>7+	7-=>6-	30.0000	1.0000	[1;31m-1.0000[0m	1.0000	I	LB
JUNC	13	7+=>8+	8-=>7-	30.0000	1.0000	[1;31m-1.0000[0m	1.0000	I	LB
JUNC	14	8+=>9+	9-=>8-	30.0000	1.0000	[1;31m-1.0000[0m	1.0000	I	LB
JUNC	15	9+=>6+	6-=>9-	30.0000	1.0000	[1;31m-1.0000[0m	1.0000	I	LB
``````````````````````````````````````````````````````````````````````````````````````````
Checking reachability...
backwardSourceNotReachableVertices: 
backwardSinkNotReachableVertices: 
forwardSourceNotReachableVertices: 
forwardSinkNotReachableVertices: 

Graph reachable.
``````````````````````````````````````````````````````````````````````````````````````````
Ploidy: 1
Avg ploidy: 1.0000
Avg coverage: 30.0000
Haploid coverage: 30.0000
Source: 1
Sink: 9
Segments: 9
Junctions: 16
``````````````````````````````````````````````````````````````````````````````````````````
SEG	1	L1HS_1_6000	1	6000	30.0000	1.0000	[1;31m1.0000[0m	1.0000	ONO	ONO	ONO	NO	NO	NO	ND	LB	NULL	NULL
SEG	2	L1HS_6000_6064	1	65	30.0000	1.0000	[1;31m1.0000[0m	1.0000	ONO	ONO	ONO	NO	NO	NO	ND	LB	NULL	NULL
SEG	3	chr5_10000_20000	1	10001	30.0000	1.0000	[1;31m1.0000[0m	1.0000	ONO	ONO	ONO	NO	NO	NO	ND	LB	NULL	NULL
SEG	4	chr5_20000_21000	1	1001	30.0000	1.0000	[1;31m1.0000[0m	1.0000	ONO	ONO	ONO	NO	NO	NO	ND	LB	NULL	NULL
SEG	5	chr5_21000_31000	1	10001	30.0000	1.0000	[1;31m1.0000[0m	1.0000	ONO	ONO	ONO	NO	NO	NO	ND	LB	NULL	NULL
SEG	6	chr22_21990000_22000000	1	10001	30.0000	1.0000	[1;31m1.0000[0m	1.0000	ONO	ONO	ONO	NO	NO	NO	ND	LB	NULL	NULL
SEG	7	chr22_22000000_31000000	1	9000001	30.0000	1.0000	[1;31m1.0000[0m	1.0000	ONO	ONO	ONO	NO	NO	NO	ND	LB	NULL	NULL
SEG	8	chr22_31000000_31000100	1	101	30.0000	1.0000	[1;31m1.0000[0m	1.0000	ONO	ONO	ONO	NO	NO	NO	ND	LB	NULL	NULL
SEG	9	chr22_31000100_31010100	1	10001	30.0000	1.0000	[1;31m1.0000[0m	1.0000	ONO	ONO	ONO	NO	NO	NO	ND	LB	NULL	NULL
JUNC	0	6+=>1+	1-=>6-	30.0000	1.0000	[1;31m1.0000[0m	1.0000	NI	LB
JUNC	1	2+=>6+	6-=>2-	30.0000	1.0000	[1;31m1.0000[0m	1.0000	I	LB
JUNC	2	1+=>4+	4-=>1-	30.0000	1.0000	[1;31m1.0000[0m	1.0000	NI	LB
JUNC	3	5+=>1+	1-=>5-	30.0000	1.0000	[1;31m1.0000[0m	1.0000	I	LB
JUNC	4	4+=>8+	8-=>4-	30.0000	1.0000	[1;31m1.0000[0m	1.0000	NI	LB
JUNC	5	9+=>3+	3-=>9-	30.0000	1.0000	[1;31m1.0000[0m	1.0000	I	LB
JUNC	6	8+=>7+	7-=>8-	30.0000	1.0000	[1;31m1.0000[0m	1.0000	NI	LB
JUNC	7	1+=>2+	2-=>1-	30.0000	1.0000	[1;31m1.0000[0m	1.0000	I	LB
JUNC	8	2+=>1+	1-=>2-	30.0000	1.0000	[1;31m1.0000[0m	1.0000	I	LB
JUNC	9	3+=>4+	4-=>3-	30.0000	1.0000	[1;31m1.0000[0m	1.0000	I	LB
JUNC	10	4+=>5+	5-=>4-	30.0000	1.0000	[1;31m1.0000[0m	1.0000	I	LB
JUNC	11	5+=>3+	3-=>5-	30.0000	1.0000	[1;31m1.0000[0m	1.0000	I	LB
JUNC	12	6+=>7+	7-=>6-	30.0000	1.0000	[1;31m1.0000[0m	1.0000	I	LB
JUNC	13	7+=>8+	8-=>7-	30.0000	1.0000	[1;31m1.0000[0m	1.0000	I	LB
JUNC	14	8+=>9+	9-=>8-	30.0000	1.0000	[1;31m1.0000[0m	1.0000	I	LB
JUNC	15	9+=>6+	6-=>9-	30.0000	1.0000	[1;31m1.0000[0m	1.0000	I	LB
``````````````````````````````````````````````````````````````````````````````````````````
connect ss
``````````````````````````````````````````````````````````````````````````````````````````
Ploidy: 1
Avg ploidy: 1.0000
Avg coverage: 30.0000
Haploid coverage: 30.0000
Source: 1
Sink: 9
Segments: 9
Junctions: 17
``````````````````````````````````````````````````````````````````````````````````````````
SEG	1	L1HS_1_6000	1	6000	30.0000	1.0000	[1;31m1.0000[0m	1.0000	ONO	ONO	ONO	NO	NO	NO	ND	LB	NULL	NULL
SEG	2	L1HS_6000_6064	1	65	30.0000	1.0000	[1;31m1.0000[0m	1.0000	ONO	ONO	ONO	NO	NO	NO	ND	LB	NULL	NULL
SEG	3	chr5_10000_20000	1	10001	30.0000	1.0000	[1;31m1.0000[0m	1.0000	ONO	ONO	ONO	NO	NO	NO	ND	LB	NULL	NULL
SEG	4	chr5_20000_21000	1	1001	30.0000	1.0000	[1;31m1.0000[0m	1.0000	ONO	ONO	ONO	NO	NO	NO	ND	LB	NULL	NULL
SEG	5	chr5_21000_31000	1	10001	30.0000	1.0000	[1;31m1.0000[0m	1.0000	ONO	ONO	ONO	NO	NO	NO	ND	LB	NULL	NULL
SEG	6	chr22_21990000_22000000	1	10001	30.0000	1.0000	[1;31m1.0000[0m	1.0000	ONO	ONO	ONO	NO	NO	NO	ND	LB	NULL	NULL
SEG	7	chr22_22000000_31000000	1	9000001	30.0000	1.0000	[1;31m1.0000[0m	1.0000	ONO	ONO	ONO	NO	NO	NO	ND	LB	NULL	NULL
SEG	8	chr22_31000000_31000100	1	101	30.0000	1.0000	[1;31m1.0000[0m	1.0000	ONO	ONO	ONO	NO	NO	NO	ND	LB	NULL	NULL
SEG	9	chr22_31000100_31010100	1	10001	30.0000	1.0000	[1;31m1.0000[0m	1.0000	ONO	ONO	ONO	NO	NO	NO	ND	LB	NULL	NULL
JUNC	0	6+=>1+	1-=>6-	30.0000	1.0000	[1;31m1.0000[0m	1.0000	NI	LB
JUNC	1	2+=>6+	6-=>2-	30.0000	1.0000	[1;31m1.0000[0m	1.0000	I	LB
JUNC	2	1+=>4+	4-=>1-	30.0000	1.0000	[1;31m1.0000[0m	1.0000	NI	LB
JUNC	3	5+=>1+	1-=>5-	30.0000	1.0000	[1;31m1.0000[0m	1.0000	I	LB
JUNC	4	4+=>8+	8-=>4-	30.0000	1.0000	[1;31m1.0000[0m	1.0000	NI	LB
JUNC	5	9+=>3+	3-=>9-	30.0000	1.0000	[1;31m1.0000[0m	1.0000	I	LB
JUNC	6	8+=>7+	7-=>8-	30.0000	1.0000	[1;31m1.0000[0m	1.0000	NI	LB
JUNC	7	1+=>2+	2-=>1-	30.0000	1.0000	[1;31m1.0000[0m	1.0000	I	LB
JUNC	8	2+=>1+	1-=>2-	30.0000	1.0000	[1;31m1.0000[0m	1.0000	I	LB
JUNC	9	3+=>4+	4-=>3-	30.0000	1.0000	[1;31m1.0000[0m	1.0000	I	LB
JUNC	10	4+=>5+	5-=>4-	30.0000	1.0000	[1;31m1.0000[0m	1.0000	I	LB
JUNC	11	5+=>3+	3-=>5-	30.0000	1.0000	[1;31m1.0000[0m	1.0000	I	LB
JUNC	12	6+=>7+	7-=>6-	30.0000	1.0000	[1;31m1.0000[0m	1.0000	I	LB
JUNC	13	7+=>8+	8-=>7-	30.0000	1.0000	[1;31m1.0000[0m	1.0000	I	LB
JUNC	14	8+=>9+	9-=>8-	30.0000	1.0000	[1;31m1.0000[0m	1.0000	I	LB
JUNC	15	9+=>6+	6-=>9-	30.0000	1.0000	[1;31m1.0000[0m	1.0000	I	LB
JUNC	16	9+=>1+	1-=>9-	30.0000	1.0000	[1;31m1.0000[0m	1.0000	I	NLB
``````````````````````````````````````````````````````````````````````````````````````````
write
write seg
write done
Declare done
Segment done
Junc done
Source sink done
Objective done
LU seg done
infer info - 1: 0 9 26 6+=>1+ 
infer info - 0: 1 10 27 2+=>6+ 
infer info - 1: 2 11 28 1+=>4+ 
infer info - 0: 3 12 29 5+=>1+ 
infer info - 1: 4 13 30 4+=>8+ 
infer info - 0: 5 14 31 9+=>3+ 
infer info - 1: 6 15 32 8+=>7+ 
infer info - 0: 7 16 33 1+=>2+ 
infer info - 0: 8 17 34 2+=>1+ 
infer info - 0: 9 18 35 3+=>4+ 
infer info - 0: 10 19 36 4+=>5+ 
infer info - 0: 11 20 37 5+=>3+ 
infer info - 0: 12 21 38 6+=>7+ 
infer info - 0: 13 22 39 7+=>8+ 
infer info - 0: 14 23 40 8+=>9+ 
infer info - 0: 15 24 41 9+=>6+ 
infer info - 0: 16 25 42 9+=>1+ 
LU junc done
Done
