Reading database...
Read done
Reading graph...
WARN: only AVG_PLOIDY is given, use that
Average ploidy: 1
Haploid depth: 30
``````````````````````````````````````````````````````````````````````````````````````````
Ploidy: 1
Avg ploidy: 1
Avg coverage: 30
Haploid coverage: 30
Source: 1
Sink: 7
Segments: 7
Junctions: 12
``````````````````````````````````````````````````````````````````````````````````````````
SEG	1	chr5_20000_30000	1	10001	30.0000	1.0000	[1;31m-1.0000[0m	1.0000	ONO	ONO	ONO	NO	NO	NO	ND	LB	NULL	NULL
SEG	2	chr5_30000_31000	1	1001	30.0000	1.0000	[1;31m-1.0000[0m	1.0000	ONO	ONO	ONO	NO	NO	NO	ND	LB	NULL	NULL
SEG	3	chr5_31000_41000	1	10001	30.0000	1.0000	[1;31m-1.0000[0m	1.0000	ONO	ONO	ONO	NO	NO	NO	ND	LB	NULL	NULL
SEG	4	chr22_22990000_23000000	1	10001	30.0000	1.0000	[1;31m-1.0000[0m	1.0000	ONO	ONO	ONO	NO	NO	NO	ND	LB	NULL	NULL
SEG	5	chr22_23000000_32000000	1	9000001	30.0000	1.0000	[1;31m-1.0000[0m	1.0000	ONO	ONO	ONO	NO	NO	NO	ND	LB	NULL	NULL
SEG	6	chr22_32000000_32000100	1	101	30.0000	1.0000	[1;31m-1.0000[0m	1.0000	ONO	ONO	ONO	NO	NO	NO	ND	LB	NULL	NULL
SEG	7	chr22_32000100_32010100	1	10001	30.0000	1.0000	[1;31m-1.0000[0m	1.0000	ONO	ONO	ONO	NO	NO	NO	ND	LB	NULL	NULL
JUNC	0	4+=>2+	2-=>4-	30.0000	1.0000	[1;31m-1.0000[0m	1.0000	NI	LB
JUNC	1	3+=>4+	4-=>3-	30.0000	1.0000	[1;31m-1.0000[0m	1.0000	I	LB
JUNC	2	2+=>6+	6-=>2-	30.0000	1.0000	[1;31m-1.0000[0m	1.0000	NI	LB
JUNC	3	7+=>1+	1-=>7-	30.0000	1.0000	[1;31m-1.0000[0m	1.0000	I	LB
JUNC	4	6+=>5+	5-=>6-	30.0000	1.0000	[1;31m-1.0000[0m	1.0000	NI	LB
JUNC	5	1+=>2+	2-=>1-	30.0000	1.0000	[1;31m-1.0000[0m	1.0000	I	LB
JUNC	6	2+=>3+	3-=>2-	30.0000	1.0000	[1;31m-1.0000[0m	1.0000	I	LB
JUNC	7	3+=>1+	1-=>3-	30.0000	1.0000	[1;31m-1.0000[0m	1.0000	I	LB
JUNC	8	4+=>5+	5-=>4-	30.0000	1.0000	[1;31m-1.0000[0m	1.0000	I	LB
JUNC	9	5+=>6+	6-=>5-	30.0000	1.0000	[1;31m-1.0000[0m	1.0000	I	LB
JUNC	10	6+=>7+	7-=>6-	30.0000	1.0000	[1;31m-1.0000[0m	1.0000	I	LB
JUNC	11	7+=>4+	4-=>7-	30.0000	1.0000	[1;31m-1.0000[0m	1.0000	I	LB
``````````````````````````````````````````````````````````````````````````````````````````
Rec: chr22 23000000-
SegmentDoesNotExistException: Segment with ID 23000000 does not exist
Rec: chr22 23000000-
SegmentDoesNotExistException: Segment with ID 23000000 does not exist
Rec: chr22 32000000-
SegmentDoesNotExistException: Segment with ID 32000000 does not exist
Rec: chr22 32000100-
SegmentDoesNotExistException: Segment with ID 32000100 does not exist
Rec: chr22 23000000+
SegmentDoesNotExistException: Segment with ID 23000000 does not exist
Rec: chr22 23000000+
SegmentDoesNotExistException: Segment with ID 23000000 does not exist
Rec: chr22 32000000+
SegmentDoesNotExistException: Segment with ID 32000000 does not exist
Rec: chr22 32000100+
SegmentDoesNotExistException: Segment with ID 32000100 does not exist
Rec: chr5 30000-
SegmentDoesNotExistException: Segment with ID 30000 does not exist
Rec: chr5 31000-
SegmentDoesNotExistException: Segment with ID 31000 does not exist
Rec: chr5 30000+
SegmentDoesNotExistException: Segment with ID 30000 does not exist
Rec: chr5 31000+
SegmentDoesNotExistException: Segment with ID 31000 does not exist
checking reachability
``````````````````````````````````````````````````````````````````````````````````````````
Ploidy: 1
Avg ploidy: 1.0000
Avg coverage: 30.0000
Haploid coverage: 30.0000
Source: 1
Sink: 7
Segments: 7
Junctions: 12
``````````````````````````````````````````````````````````````````````````````````````````
SEG	1	chr5_20000_30000	1	10001	30.0000	1.0000	[1;31m-1.0000[0m	1.0000	ONO	ONO	ONO	NO	NO	NO	ND	LB	NULL	NULL
SEG	2	chr5_30000_31000	1	1001	30.0000	1.0000	[1;31m-1.0000[0m	1.0000	ONO	ONO	ONO	NO	NO	NO	ND	LB	NULL	NULL
SEG	3	chr5_31000_41000	1	10001	30.0000	1.0000	[1;31m-1.0000[0m	1.0000	ONO	ONO	ONO	NO	NO	NO	ND	LB	NULL	NULL
SEG	4	chr22_22990000_23000000	1	10001	30.0000	1.0000	[1;31m-1.0000[0m	1.0000	ONO	ONO	ONO	NO	NO	NO	ND	LB	NULL	NULL
SEG	5	chr22_23000000_32000000	1	9000001	30.0000	1.0000	[1;31m-1.0000[0m	1.0000	ONO	ONO	ONO	NO	NO	NO	ND	LB	NULL	NULL
SEG	6	chr22_32000000_32000100	1	101	30.0000	1.0000	[1;31m-1.0000[0m	1.0000	ONO	ONO	ONO	NO	NO	NO	ND	LB	NULL	NULL
SEG	7	chr22_32000100_32010100	1	10001	30.0000	1.0000	[1;31m-1.0000[0m	1.0000	ONO	ONO	ONO	NO	NO	NO	ND	LB	NULL	NULL
JUNC	0	4+=>2+	2-=>4-	30.0000	1.0000	[1;31m-1.0000[0m	1.0000	NI	LB
JUNC	1	3+=>4+	4-=>3-	30.0000	1.0000	[1;31m-1.0000[0m	1.0000	I	LB
JUNC	2	2+=>6+	6-=>2-	30.0000	1.0000	[1;31m-1.0000[0m	1.0000	NI	LB
JUNC	3	7+=>1+	1-=>7-	30.0000	1.0000	[1;31m-1.0000[0m	1.0000	I	LB
JUNC	4	6+=>5+	5-=>6-	30.0000	1.0000	[1;31m-1.0000[0m	1.0000	NI	LB
JUNC	5	1+=>2+	2-=>1-	30.0000	1.0000	[1;31m-1.0000[0m	1.0000	I	LB
JUNC	6	2+=>3+	3-=>2-	30.0000	1.0000	[1;31m-1.0000[0m	1.0000	I	LB
JUNC	7	3+=>1+	1-=>3-	30.0000	1.0000	[1;31m-1.0000[0m	1.0000	I	LB
JUNC	8	4+=>5+	5-=>4-	30.0000	1.0000	[1;31m-1.0000[0m	1.0000	I	LB
JUNC	9	5+=>6+	6-=>5-	30.0000	1.0000	[1;31m-1.0000[0m	1.0000	I	LB
JUNC	10	6+=>7+	7-=>6-	30.0000	1.0000	[1;31m-1.0000[0m	1.0000	I	LB
JUNC	11	7+=>4+	4-=>7-	30.0000	1.0000	[1;31m-1.0000[0m	1.0000	I	LB
``````````````````````````````````````````````````````````````````````````````````````````
Checking reachability...
backwardSourceNotReachableVertices: 
backwardSinkNotReachableVertices: 
forwardSourceNotReachableVertices: 
forwardSinkNotReachableVertices: 

Graph reachable.
``````````````````````````````````````````````````````````````````````````````````````````
Ploidy: 1
Avg ploidy: 1.0000
Avg coverage: 30.0000
Haploid coverage: 30.0000
Source: 1
Sink: 7
Segments: 7
Junctions: 12
``````````````````````````````````````````````````````````````````````````````````````````
SEG	1	chr5_20000_30000	1	10001	30.0000	1.0000	[1;31m1.0000[0m	1.0000	ONO	ONO	ONO	NO	NO	NO	ND	LB	NULL	NULL
SEG	2	chr5_30000_31000	1	1001	30.0000	1.0000	[1;31m1.0000[0m	1.0000	ONO	ONO	ONO	NO	NO	NO	ND	LB	NULL	NULL
SEG	3	chr5_31000_41000	1	10001	30.0000	1.0000	[1;31m1.0000[0m	1.0000	ONO	ONO	ONO	NO	NO	NO	ND	LB	NULL	NULL
SEG	4	chr22_22990000_23000000	1	10001	30.0000	1.0000	[1;31m1.0000[0m	1.0000	ONO	ONO	ONO	NO	NO	NO	ND	LB	NULL	NULL
SEG	5	chr22_23000000_32000000	1	9000001	30.0000	1.0000	[1;31m1.0000[0m	1.0000	ONO	ONO	ONO	NO	NO	NO	ND	LB	NULL	NULL
SEG	6	chr22_32000000_32000100	1	101	30.0000	1.0000	[1;31m1.0000[0m	1.0000	ONO	ONO	ONO	NO	NO	NO	ND	LB	NULL	NULL
SEG	7	chr22_32000100_32010100	1	10001	30.0000	1.0000	[1;31m1.0000[0m	1.0000	ONO	ONO	ONO	NO	NO	NO	ND	LB	NULL	NULL
JUNC	0	4+=>2+	2-=>4-	30.0000	1.0000	[1;31m1.0000[0m	1.0000	NI	LB
JUNC	1	3+=>4+	4-=>3-	30.0000	1.0000	[1;31m1.0000[0m	1.0000	I	LB
JUNC	2	2+=>6+	6-=>2-	30.0000	1.0000	[1;31m1.0000[0m	1.0000	NI	LB
JUNC	3	7+=>1+	1-=>7-	30.0000	1.0000	[1;31m1.0000[0m	1.0000	I	LB
JUNC	4	6+=>5+	5-=>6-	30.0000	1.0000	[1;31m1.0000[0m	1.0000	NI	LB
JUNC	5	1+=>2+	2-=>1-	30.0000	1.0000	[1;31m1.0000[0m	1.0000	I	LB
JUNC	6	2+=>3+	3-=>2-	30.0000	1.0000	[1;31m1.0000[0m	1.0000	I	LB
JUNC	7	3+=>1+	1-=>3-	30.0000	1.0000	[1;31m1.0000[0m	1.0000	I	LB
JUNC	8	4+=>5+	5-=>4-	30.0000	1.0000	[1;31m1.0000[0m	1.0000	I	LB
JUNC	9	5+=>6+	6-=>5-	30.0000	1.0000	[1;31m1.0000[0m	1.0000	I	LB
JUNC	10	6+=>7+	7-=>6-	30.0000	1.0000	[1;31m1.0000[0m	1.0000	I	LB
JUNC	11	7+=>4+	4-=>7-	30.0000	1.0000	[1;31m1.0000[0m	1.0000	I	LB
``````````````````````````````````````````````````````````````````````````````````````````
connect ss
DuplicateJunctionException: 7+=>1+, 1-=>7-
``````````````````````````````````````````````````````````````````````````````````````````
Ploidy: 1
Avg ploidy: 1.0000
Avg coverage: 30.0000
Haploid coverage: 30.0000
Source: 1
Sink: 7
Segments: 7
Junctions: 12
``````````````````````````````````````````````````````````````````````````````````````````
SEG	1	chr5_20000_30000	1	10001	30.0000	1.0000	[1;31m1.0000[0m	1.0000	ONO	ONO	ONO	NO	NO	NO	ND	LB	NULL	NULL
SEG	2	chr5_30000_31000	1	1001	30.0000	1.0000	[1;31m1.0000[0m	1.0000	ONO	ONO	ONO	NO	NO	NO	ND	LB	NULL	NULL
SEG	3	chr5_31000_41000	1	10001	30.0000	1.0000	[1;31m1.0000[0m	1.0000	ONO	ONO	ONO	NO	NO	NO	ND	LB	NULL	NULL
SEG	4	chr22_22990000_23000000	1	10001	30.0000	1.0000	[1;31m1.0000[0m	1.0000	ONO	ONO	ONO	NO	NO	NO	ND	LB	NULL	NULL
SEG	5	chr22_23000000_32000000	1	9000001	30.0000	1.0000	[1;31m1.0000[0m	1.0000	ONO	ONO	ONO	NO	NO	NO	ND	LB	NULL	NULL
SEG	6	chr22_32000000_32000100	1	101	30.0000	1.0000	[1;31m1.0000[0m	1.0000	ONO	ONO	ONO	NO	NO	NO	ND	LB	NULL	NULL
SEG	7	chr22_32000100_32010100	1	10001	30.0000	1.0000	[1;31m1.0000[0m	1.0000	ONO	ONO	ONO	NO	NO	NO	ND	LB	NULL	NULL
JUNC	0	4+=>2+	2-=>4-	30.0000	1.0000	[1;31m1.0000[0m	1.0000	NI	LB
JUNC	1	3+=>4+	4-=>3-	30.0000	1.0000	[1;31m1.0000[0m	1.0000	I	LB
JUNC	2	2+=>6+	6-=>2-	30.0000	1.0000	[1;31m1.0000[0m	1.0000	NI	LB
JUNC	3	7+=>1+	1-=>7-	30.0000	1.0000	[1;31m1.0000[0m	1.0000	I	LB
JUNC	4	6+=>5+	5-=>6-	30.0000	1.0000	[1;31m1.0000[0m	1.0000	NI	LB
JUNC	5	1+=>2+	2-=>1-	30.0000	1.0000	[1;31m1.0000[0m	1.0000	I	LB
JUNC	6	2+=>3+	3-=>2-	30.0000	1.0000	[1;31m1.0000[0m	1.0000	I	LB
JUNC	7	3+=>1+	1-=>3-	30.0000	1.0000	[1;31m1.0000[0m	1.0000	I	LB
JUNC	8	4+=>5+	5-=>4-	30.0000	1.0000	[1;31m1.0000[0m	1.0000	I	LB
JUNC	9	5+=>6+	6-=>5-	30.0000	1.0000	[1;31m1.0000[0m	1.0000	I	LB
JUNC	10	6+=>7+	7-=>6-	30.0000	1.0000	[1;31m1.0000[0m	1.0000	I	LB
JUNC	11	7+=>4+	4-=>7-	30.0000	1.0000	[1;31m1.0000[0m	1.0000	I	LB
``````````````````````````````````````````````````````````````````````````````````````````
write
write seg
write done
Declare done
Segment done
Junc done
Source sink done
Objective done
LU seg done
infer info - 1: 0 7 19 4+=>2+ 
infer info - 0: 1 8 20 3+=>4+ 
infer info - 1: 2 9 21 2+=>6+ 
infer info - 0: 3 10 22 7+=>1+ 
infer info - 1: 4 11 23 6+=>5+ 
infer info - 0: 5 12 24 1+=>2+ 
infer info - 0: 6 13 25 2+=>3+ 
infer info - 0: 7 14 26 3+=>1+ 
infer info - 0: 8 15 27 4+=>5+ 
infer info - 0: 9 16 28 5+=>6+ 
infer info - 0: 10 17 29 6+=>7+ 
infer info - 0: 11 18 30 7+=>4+ 
LU junc done
Done
