Reading database...
Read done
Reading graph...
WARN: only AVG_PLOIDY is given, use that
Average ploidy: 1
Haploid depth: 30
``````````````````````````````````````````````````````````````````````````````````````````
Ploidy: 1
Avg ploidy: 1
Avg coverage: 30
Haploid coverage: 30
Source: 1
Sink: 5
Segments: 5
Junctions: 9
``````````````````````````````````````````````````````````````````````````````````````````
SEG	1	HotL1_complete#LINE/L1_1_2000	1	2000	30.0000	1.0000	[1;31m-1.0000[0m	1.0000	ONO	ONO	ONO	NO	NO	NO	ND	LB	NULL	NULL
SEG	2	HotL1_complete#LINE/L1_2000_5000	1	3001	30.0000	1.0000	[1;31m-1.0000[0m	1.0000	ONO	ONO	ONO	NO	NO	NO	ND	LB	NULL	NULL
SEG	3	HotL1_complete#LINE/L1_5000_6021	1	1022	30.0000	1.0000	[1;31m-1.0000[0m	1.0000	ONO	ONO	ONO	NO	NO	NO	ND	LB	NULL	NULL
SEG	4	chr22_20990000_21000000	1	10001	30.0000	1.0000	[1;31m-1.0000[0m	1.0000	ONO	ONO	ONO	NO	NO	NO	ND	LB	NULL	NULL
SEG	5	chr22_21000000_21010000	1	10001	30.0000	1.0000	[1;31m-1.0000[0m	1.0000	ONO	ONO	ONO	NO	NO	NO	ND	LB	NULL	NULL
JUNC	0	4+=>2-	2+=>4-	30.0000	1.0000	[1;31m-1.0000[0m	1.0000	NI	LB
JUNC	1	1+=>4-	4+=>1-	30.0000	1.0000	[1;31m-1.0000[0m	1.0000	I	LB
JUNC	2	2-=>5+	5-=>2+	30.0000	1.0000	[1;31m-1.0000[0m	1.0000	NI	LB
JUNC	3	5-=>3+	3-=>5+	30.0000	1.0000	[1;31m-1.0000[0m	1.0000	I	LB
JUNC	4	1+=>2+	2-=>1-	30.0000	1.0000	[1;31m-1.0000[0m	1.0000	I	LB
JUNC	5	2+=>3+	3-=>2-	30.0000	1.0000	[1;31m-1.0000[0m	1.0000	I	LB
JUNC	6	3+=>1+	1-=>3-	30.0000	1.0000	[1;31m-1.0000[0m	1.0000	I	LB
JUNC	7	4+=>5+	5-=>4-	30.0000	1.0000	[1;31m-1.0000[0m	1.0000	I	LB
JUNC	8	5+=>4+	4-=>5-	30.0000	1.0000	[1;31m-1.0000[0m	1.0000	I	LB
``````````````````````````````````````````````````````````````````````````````````````````
Rec: HotL1_complete#LINE/L1 2000-
SegmentDoesNotExistException: Segment with ID 2000 does not exist
Rec: HotL1_complete#LINE/L1 5000-
SegmentDoesNotExistException: Segment with ID 5000 does not exist
Rec: HotL1_complete#LINE/L1 2000+
SegmentDoesNotExistException: Segment with ID 2000 does not exist
Rec: HotL1_complete#LINE/L1 5000+
SegmentDoesNotExistException: Segment with ID 5000 does not exist
Rec: chr22 21000000-
SegmentDoesNotExistException: Segment with ID 21000000 does not exist
Rec: chr22 21000000-
SegmentDoesNotExistException: Segment with ID 21000000 does not exist
Rec: chr22 21000000+
SegmentDoesNotExistException: Segment with ID 21000000 does not exist
Rec: chr22 21000000+
SegmentDoesNotExistException: Segment with ID 21000000 does not exist
checking reachability
``````````````````````````````````````````````````````````````````````````````````````````
Ploidy: 1
Avg ploidy: 1.0000
Avg coverage: 30.0000
Haploid coverage: 30.0000
Source: 1
Sink: 5
Segments: 5
Junctions: 9
``````````````````````````````````````````````````````````````````````````````````````````
SEG	1	HotL1_complete#LINE/L1_1_2000	1	2000	30.0000	1.0000	[1;31m-1.0000[0m	1.0000	ONO	ONO	ONO	NO	NO	NO	ND	LB	NULL	NULL
SEG	2	HotL1_complete#LINE/L1_2000_5000	1	3001	30.0000	1.0000	[1;31m-1.0000[0m	1.0000	ONO	ONO	ONO	NO	NO	NO	ND	LB	NULL	NULL
SEG	3	HotL1_complete#LINE/L1_5000_6021	1	1022	30.0000	1.0000	[1;31m-1.0000[0m	1.0000	ONO	ONO	ONO	NO	NO	NO	ND	LB	NULL	NULL
SEG	4	chr22_20990000_21000000	1	10001	30.0000	1.0000	[1;31m-1.0000[0m	1.0000	ONO	ONO	ONO	NO	NO	NO	ND	LB	NULL	NULL
SEG	5	chr22_21000000_21010000	1	10001	30.0000	1.0000	[1;31m-1.0000[0m	1.0000	ONO	ONO	ONO	NO	NO	NO	ND	LB	NULL	NULL
JUNC	0	4+=>2-	2+=>4-	30.0000	1.0000	[1;31m-1.0000[0m	1.0000	NI	LB
JUNC	1	1+=>4-	4+=>1-	30.0000	1.0000	[1;31m-1.0000[0m	1.0000	I	LB
JUNC	2	2-=>5+	5-=>2+	30.0000	1.0000	[1;31m-1.0000[0m	1.0000	NI	LB
JUNC	3	5-=>3+	3-=>5+	30.0000	1.0000	[1;31m-1.0000[0m	1.0000	I	LB
JUNC	4	1+=>2+	2-=>1-	30.0000	1.0000	[1;31m-1.0000[0m	1.0000	I	LB
JUNC	5	2+=>3+	3-=>2-	30.0000	1.0000	[1;31m-1.0000[0m	1.0000	I	LB
JUNC	6	3+=>1+	1-=>3-	30.0000	1.0000	[1;31m-1.0000[0m	1.0000	I	LB
JUNC	7	4+=>5+	5-=>4-	30.0000	1.0000	[1;31m-1.0000[0m	1.0000	I	LB
JUNC	8	5+=>4+	4-=>5-	30.0000	1.0000	[1;31m-1.0000[0m	1.0000	I	LB
``````````````````````````````````````````````````````````````````````````````````````````
Checking reachability...
backwardSourceNotReachableVertices: 2- 3- 4+ 
backwardSinkNotReachableVertices: 2- 3- 4+ 
forwardSourceNotReachableVertices: 2+ 3+ 4- 
forwardSinkNotReachableVertices: 2+ 3+ 4- 

for backward source: 
count reach
2 2 2 
Current vertex: 4 chr22_20990000_21000000 1+
Record is NULL or no edge can be added from juncdb
prev: 3+
add junction without juncdb: 3+=>4+, 4-=>3-
backwardSourceNotReachableVertices: 
backwardSinkNotReachableVertices: 
forwardSourceNotReachableVertices: 
forwardSinkNotReachableVertices: 

Graph reachable.
``````````````````````````````````````````````````````````````````````````````````````````
Ploidy: 1
Avg ploidy: 1.0000
Avg coverage: 30.0000
Haploid coverage: 30.0000
Source: 1
Sink: 5
Segments: 5
Junctions: 10
``````````````````````````````````````````````````````````````````````````````````````````
SEG	1	HotL1_complete#LINE/L1_1_2000	1	2000	30.0000	1.0000	[1;31m1.0000[0m	1.0000	ONO	ONO	ONO	NO	NO	NO	ND	LB	NULL	NULL
SEG	2	HotL1_complete#LINE/L1_2000_5000	1	3001	30.0000	1.0000	[1;31m1.0000[0m	1.0000	ONO	ONO	ONO	NO	NO	NO	ND	LB	NULL	NULL
SEG	3	HotL1_complete#LINE/L1_5000_6021	1	1022	30.0000	1.0000	[1;31m1.0000[0m	1.0000	ONO	ONO	ONO	NO	NO	NO	ND	LB	NULL	NULL
SEG	4	chr22_20990000_21000000	1	10001	30.0000	1.0000	[1;31m1.0000[0m	1.0000	ONO	ONO	ONO	NO	NO	NO	ND	LB	NULL	NULL
SEG	5	chr22_21000000_21010000	1	10001	30.0000	1.0000	[1;31m1.0000[0m	1.0000	ONO	ONO	ONO	NO	NO	NO	ND	LB	NULL	NULL
JUNC	0	4+=>2-	2+=>4-	30.0000	1.0000	[1;31m1.0000[0m	1.0000	NI	LB
JUNC	1	1+=>4-	4+=>1-	30.0000	1.0000	[1;31m1.0000[0m	1.0000	I	LB
JUNC	2	2-=>5+	5-=>2+	30.0000	1.0000	[1;31m1.0000[0m	1.0000	NI	LB
JUNC	3	5-=>3+	3-=>5+	30.0000	1.0000	[1;31m1.0000[0m	1.0000	I	LB
JUNC	4	1+=>2+	2-=>1-	30.0000	1.0000	[1;31m1.0000[0m	1.0000	I	LB
JUNC	5	2+=>3+	3-=>2-	30.0000	1.0000	[1;31m1.0000[0m	1.0000	I	LB
JUNC	6	3+=>1+	1-=>3-	30.0000	1.0000	[1;31m1.0000[0m	1.0000	I	LB
JUNC	7	4+=>5+	5-=>4-	30.0000	1.0000	[1;31m1.0000[0m	1.0000	I	LB
JUNC	8	5+=>4+	4-=>5-	30.0000	1.0000	[1;31m1.0000[0m	1.0000	I	LB
JUNC	9	3+=>4+	4-=>3-	1.0000	0.0333	[1;31m0.0333[0m	0.0000	I	NLB
``````````````````````````````````````````````````````````````````````````````````````````
connect ss
``````````````````````````````````````````````````````````````````````````````````````````
Ploidy: 1
Avg ploidy: 1.0000
Avg coverage: 30.0000
Haploid coverage: 30.0000
Source: 1
Sink: 5
Segments: 5
Junctions: 11
``````````````````````````````````````````````````````````````````````````````````````````
SEG	1	HotL1_complete#LINE/L1_1_2000	1	2000	30.0000	1.0000	[1;31m1.0000[0m	1.0000	ONO	ONO	ONO	NO	NO	NO	ND	LB	NULL	NULL
SEG	2	HotL1_complete#LINE/L1_2000_5000	1	3001	30.0000	1.0000	[1;31m1.0000[0m	1.0000	ONO	ONO	ONO	NO	NO	NO	ND	LB	NULL	NULL
SEG	3	HotL1_complete#LINE/L1_5000_6021	1	1022	30.0000	1.0000	[1;31m1.0000[0m	1.0000	ONO	ONO	ONO	NO	NO	NO	ND	LB	NULL	NULL
SEG	4	chr22_20990000_21000000	1	10001	30.0000	1.0000	[1;31m1.0000[0m	1.0000	ONO	ONO	ONO	NO	NO	NO	ND	LB	NULL	NULL
SEG	5	chr22_21000000_21010000	1	10001	30.0000	1.0000	[1;31m1.0000[0m	1.0000	ONO	ONO	ONO	NO	NO	NO	ND	LB	NULL	NULL
JUNC	0	4+=>2-	2+=>4-	30.0000	1.0000	[1;31m1.0000[0m	1.0000	NI	LB
JUNC	1	1+=>4-	4+=>1-	30.0000	1.0000	[1;31m1.0000[0m	1.0000	I	LB
JUNC	2	2-=>5+	5-=>2+	30.0000	1.0000	[1;31m1.0000[0m	1.0000	NI	LB
JUNC	3	5-=>3+	3-=>5+	30.0000	1.0000	[1;31m1.0000[0m	1.0000	I	LB
JUNC	4	1+=>2+	2-=>1-	30.0000	1.0000	[1;31m1.0000[0m	1.0000	I	LB
JUNC	5	2+=>3+	3-=>2-	30.0000	1.0000	[1;31m1.0000[0m	1.0000	I	LB
JUNC	6	3+=>1+	1-=>3-	30.0000	1.0000	[1;31m1.0000[0m	1.0000	I	LB
JUNC	7	4+=>5+	5-=>4-	30.0000	1.0000	[1;31m1.0000[0m	1.0000	I	LB
JUNC	8	5+=>4+	4-=>5-	30.0000	1.0000	[1;31m1.0000[0m	1.0000	I	LB
JUNC	9	3+=>4+	4-=>3-	1.0000	0.0333	[1;31m0.0333[0m	0.0000	I	NLB
JUNC	10	5+=>1+	1-=>5-	30.0000	1.0000	[1;31m1.0000[0m	1.0000	I	NLB
``````````````````````````````````````````````````````````````````````````````````````````
write
write seg
write done
Declare done
Segment done
Junc done
Source sink done
Objective done
LU seg done
infer info - 1: 0 5 16 4+=>2- 
infer info - 0: 1 6 17 1+=>4- 
infer info - 1: 2 7 18 2-=>5+ 
infer info - 0: 3 8 19 5-=>3+ 
infer info - 0: 4 9 20 1+=>2+ 
infer info - 0: 5 10 21 2+=>3+ 
infer info - 0: 6 11 22 3+=>1+ 
infer info - 0: 7 12 23 4+=>5+ 
infer info - 0: 8 13 24 5+=>4+ 
infer info - 0: 9 14 25 3+=>4+ 
infer info - 0: 10 15 26 5+=>1+ 
LU junc done
Done
